2022-10-20 12:59:53 DEBUG RequestAddCookies:123 - CookieSpec selected: default
2022-10-20 12:59:53 DEBUG RequestAuthCache:77 - Auth cache not set in the context
2022-10-20 12:59:53 DEBUG PoolingHttpClientConnectionManager:266 - Connection request: [route: {s}->https://eoki08gh5ujo5yk.m.pipedream.net:443][total kept alive: 0; route allocated: 0 of 2; total allocated: 0 of 20]
2022-10-20 12:59:53 DEBUG PoolingHttpClientConnectionManager:310 - Connection leased: [id: 0][route: {s}->https://eoki08gh5ujo5yk.m.pipedream.net:443][total kept alive: 0; route allocated: 1 of 2; total allocated: 1 of 20]
2022-10-20 12:59:53 DEBUG MainClientExec:234 - Opening connection {s}->https://eoki08gh5ujo5yk.m.pipedream.net:443
2022-10-20 12:59:53 DEBUG DefaultHttpClientConnectionOperator:139 - Connecting to eoki08gh5ujo5yk.m.pipedream.net/54.84.103.1:443
2022-10-20 12:59:53 DEBUG SSLConnectionSocketFactory:366 - Connecting socket to eoki08gh5ujo5yk.m.pipedream.net/54.84.103.1:443 with timeout 0
2022-10-20 12:59:54 DEBUG SSLConnectionSocketFactory:430 - Enabled protocols: [TLSv1.2]
2022-10-20 12:59:54 DEBUG SSLConnectionSocketFactory:431 - Enabled cipher suites:[TLS_ECDHE_ECDSA_WITH_AES_256_GCM_SHA384, TLS_ECDHE_ECDSA_WITH_AES_128_GCM_SHA256, TLS_ECDHE_RSA_WITH_AES_256_GCM_SHA384, TLS_ECDHE_RSA_WITH_AES_128_GCM_SHA256, TLS_DHE_RSA_WITH_AES_256_GCM_SHA384, TLS_DHE_DSS_WITH_AES_256_GCM_SHA384, TLS_DHE_RSA_WITH_AES_128_GCM_SHA256, TLS_DHE_DSS_WITH_AES_128_GCM_SHA256, TLS_ECDHE_ECDSA_WITH_AES_256_CBC_SHA384, TLS_ECDHE_RSA_WITH_AES_256_CBC_SHA384, TLS_ECDHE_ECDSA_WITH_AES_128_CBC_SHA256, TLS_ECDHE_RSA_WITH_AES_128_CBC_SHA256, TLS_DHE_RSA_WITH_AES_256_CBC_SHA256, TLS_DHE_DSS_WITH_AES_256_CBC_SHA256, TLS_DHE_RSA_WITH_AES_128_CBC_SHA256, TLS_DHE_DSS_WITH_AES_128_CBC_SHA256, TLS_ECDH_ECDSA_WITH_AES_256_GCM_SHA384, TLS_ECDH_RSA_WITH_AES_256_GCM_SHA384, TLS_ECDH_ECDSA_WITH_AES_128_GCM_SHA256, TLS_ECDH_RSA_WITH_AES_128_GCM_SHA256, TLS_ECDH_ECDSA_WITH_AES_256_CBC_SHA384, TLS_ECDH_RSA_WITH_AES_256_CBC_SHA384, TLS_ECDH_ECDSA_WITH_AES_128_CBC_SHA256, TLS_ECDH_RSA_WITH_AES_128_CBC_SHA256, TLS_ECDHE_ECDSA_WITH_AES_256_CBC_SHA, TLS_ECDHE_RSA_WITH_AES_256_CBC_SHA, TLS_ECDHE_ECDSA_WITH_AES_128_CBC_SHA, TLS_ECDHE_RSA_WITH_AES_128_CBC_SHA, TLS_DHE_RSA_WITH_AES_256_CBC_SHA, TLS_DHE_DSS_WITH_AES_256_CBC_SHA, TLS_DHE_RSA_WITH_AES_128_CBC_SHA, TLS_DHE_DSS_WITH_AES_128_CBC_SHA, TLS_ECDH_ECDSA_WITH_AES_256_CBC_SHA, TLS_ECDH_RSA_WITH_AES_256_CBC_SHA, TLS_ECDH_ECDSA_WITH_AES_128_CBC_SHA, TLS_ECDH_RSA_WITH_AES_128_CBC_SHA, TLS_RSA_WITH_AES_256_GCM_SHA384, TLS_RSA_WITH_AES_128_GCM_SHA256, TLS_RSA_WITH_AES_256_CBC_SHA256, TLS_RSA_WITH_AES_128_CBC_SHA256, TLS_RSA_WITH_AES_256_CBC_SHA, TLS_RSA_WITH_AES_128_CBC_SHA, TLS_EMPTY_RENEGOTIATION_INFO_SCSV]
2022-10-20 12:59:54 DEBUG SSLConnectionSocketFactory:435 - Starting handshake
2022-10-20 12:59:54 DEBUG SSLConnectionSocketFactory:465 - Secure session established
2022-10-20 12:59:54 DEBUG SSLConnectionSocketFactory:466 -  negotiated protocol: TLSv1.2
2022-10-20 12:59:54 DEBUG SSLConnectionSocketFactory:467 -  negotiated cipher suite: TLS_ECDHE_RSA_WITH_AES_128_GCM_SHA256
2022-10-20 12:59:54 DEBUG SSLConnectionSocketFactory:475 -  peer principal: CN=*.m.pipedream.net
2022-10-20 12:59:54 DEBUG SSLConnectionSocketFactory:484 -  peer alternative names: [*.m.pipedream.net]
2022-10-20 12:59:54 DEBUG SSLConnectionSocketFactory:488 -  issuer principal: CN=Amazon, OU=Server CA 1B, O=Amazon, C=US
2022-10-20 12:59:54 DEBUG DefaultHttpClientConnectionOperator:146 - Connection established 192.168.0.101:49840<->54.84.103.1:443
2022-10-20 12:59:54 DEBUG MainClientExec:255 - Executing request GET / HTTP/1.1
2022-10-20 12:59:54 DEBUG MainClientExec:260 - Target auth state: UNCHALLENGED
2022-10-20 12:59:54 DEBUG MainClientExec:266 - Proxy auth state: UNCHALLENGED
2022-10-20 12:59:54 DEBUG headers:133 - http-outgoing-0 >> GET / HTTP/1.1
2022-10-20 12:59:54 DEBUG headers:136 - http-outgoing-0 >> User-Agent: Mozilla/5.0
2022-10-20 12:59:54 DEBUG headers:136 - http-outgoing-0 >> Host: eoki08gh5ujo5yk.m.pipedream.net
2022-10-20 12:59:54 DEBUG headers:136 - http-outgoing-0 >> Connection: Keep-Alive
2022-10-20 12:59:54 DEBUG headers:136 - http-outgoing-0 >> Accept-Encoding: gzip,deflate
2022-10-20 12:59:54 DEBUG wire:73 - http-outgoing-0 >> "GET / HTTP/1.1[\r][\n]"
2022-10-20 12:59:54 DEBUG wire:73 - http-outgoing-0 >> "User-Agent: Mozilla/5.0[\r][\n]"
2022-10-20 12:59:54 DEBUG wire:73 - http-outgoing-0 >> "Host: eoki08gh5ujo5yk.m.pipedream.net[\r][\n]"
2022-10-20 12:59:54 DEBUG wire:73 - http-outgoing-0 >> "Connection: Keep-Alive[\r][\n]"
2022-10-20 12:59:54 DEBUG wire:73 - http-outgoing-0 >> "Accept-Encoding: gzip,deflate[\r][\n]"
2022-10-20 12:59:54 DEBUG wire:73 - http-outgoing-0 >> "[\r][\n]"
2022-10-20 12:59:58 DEBUG wire:73 - http-outgoing-0 << "HTTP/1.1 200 OK[\r][\n]"
2022-10-20 12:59:58 DEBUG wire:73 - http-outgoing-0 << "Date: Thu, 20 Oct 2022 09:59:55 GMT[\r][\n]"
2022-10-20 12:59:58 DEBUG wire:73 - http-outgoing-0 << "Content-Type: application/json; charset=utf-8[\r][\n]"
2022-10-20 12:59:58 DEBUG wire:73 - http-outgoing-0 << "Content-Length: 408[\r][\n]"
2022-10-20 12:59:58 DEBUG wire:73 - http-outgoing-0 << "Connection: keep-alive[\r][\n]"
2022-10-20 12:59:58 DEBUG wire:73 - http-outgoing-0 << "X-Powered-By: Express[\r][\n]"
2022-10-20 12:59:58 DEBUG wire:73 - http-outgoing-0 << "Access-Control-Allow-Origin: *[\r][\n]"
2022-10-20 12:59:58 DEBUG wire:73 - http-outgoing-0 << "[\r][\n]"
2022-10-20 12:59:58 DEBUG wire:87 - http-outgoing-0 << "{"about":"Pipedream is the fastest way to connects APIs. Build and run workflows with code-level control when you need it [0xe2][0x80][0x94] and no code when you don't.","event_id":"2GOWDjmjzaqoThpGPyXgqZUj0fK","workflow_id":"p_wOCMprm","owner_id":"u_LGhg1Gb","deployment_id":"d_ybs3R5Q4","timestamp":"2022-10-20T09:59:52.479Z","inspect":"https://pipedream.com/@/p_wOCMprm","quickstart":"https://pipedream.com/quickstart/"}"
2022-10-20 12:59:58 DEBUG headers:122 - http-outgoing-0 << HTTP/1.1 200 OK
2022-10-20 12:59:58 DEBUG headers:125 - http-outgoing-0 << Date: Thu, 20 Oct 2022 09:59:55 GMT
2022-10-20 12:59:58 DEBUG headers:125 - http-outgoing-0 << Content-Type: application/json; charset=utf-8
2022-10-20 12:59:58 DEBUG headers:125 - http-outgoing-0 << Content-Length: 408
2022-10-20 12:59:58 DEBUG headers:125 - http-outgoing-0 << Connection: keep-alive
2022-10-20 12:59:58 DEBUG headers:125 - http-outgoing-0 << X-Powered-By: Express
2022-10-20 12:59:58 DEBUG headers:125 - http-outgoing-0 << Access-Control-Allow-Origin: *
2022-10-20 12:59:58 DEBUG MainClientExec:285 - Connection can be kept alive indefinitely
2022-10-20 12:59:58 DEBUG PoolingHttpClientConnectionManager:342 - Connection [id: 0][route: {s}->https://eoki08gh5ujo5yk.m.pipedream.net:443] can be kept alive indefinitely
2022-10-20 12:59:58 DEBUG DefaultManagedHttpClientConnection:88 - http-outgoing-0: set socket timeout to 0
2022-10-20 12:59:58 DEBUG PoolingHttpClientConnectionManager:349 - Connection released: [id: 0][route: {s}->https://eoki08gh5ujo5yk.m.pipedream.net:443][total kept alive: 1; route allocated: 1 of 2; total allocated: 1 of 20]
2022-10-20 13:45:26 DEBUG RequestAddCookies:123 - CookieSpec selected: default
2022-10-20 13:45:26 DEBUG RequestAuthCache:77 - Auth cache not set in the context
2022-10-20 13:45:26 DEBUG PoolingHttpClientConnectionManager:266 - Connection request: [route: {s}->https://eoki08gh5ujo5yk.m.pipedream.net:443][total kept alive: 0; route allocated: 0 of 2; total allocated: 0 of 20]
2022-10-20 13:45:26 DEBUG PoolingHttpClientConnectionManager:310 - Connection leased: [id: 0][route: {s}->https://eoki08gh5ujo5yk.m.pipedream.net:443][total kept alive: 0; route allocated: 1 of 2; total allocated: 1 of 20]
2022-10-20 13:45:26 DEBUG MainClientExec:234 - Opening connection {s}->https://eoki08gh5ujo5yk.m.pipedream.net:443
2022-10-20 13:45:26 DEBUG DefaultHttpClientConnectionOperator:139 - Connecting to eoki08gh5ujo5yk.m.pipedream.net/184.73.200.216:443
2022-10-20 13:45:26 DEBUG SSLConnectionSocketFactory:366 - Connecting socket to eoki08gh5ujo5yk.m.pipedream.net/184.73.200.216:443 with timeout 0
2022-10-20 13:45:26 DEBUG SSLConnectionSocketFactory:430 - Enabled protocols: [TLSv1.2]
2022-10-20 13:45:26 DEBUG SSLConnectionSocketFactory:431 - Enabled cipher suites:[TLS_ECDHE_ECDSA_WITH_AES_256_GCM_SHA384, TLS_ECDHE_ECDSA_WITH_AES_128_GCM_SHA256, TLS_ECDHE_RSA_WITH_AES_256_GCM_SHA384, TLS_ECDHE_RSA_WITH_AES_128_GCM_SHA256, TLS_DHE_RSA_WITH_AES_256_GCM_SHA384, TLS_DHE_DSS_WITH_AES_256_GCM_SHA384, TLS_DHE_RSA_WITH_AES_128_GCM_SHA256, TLS_DHE_DSS_WITH_AES_128_GCM_SHA256, TLS_ECDHE_ECDSA_WITH_AES_256_CBC_SHA384, TLS_ECDHE_RSA_WITH_AES_256_CBC_SHA384, TLS_ECDHE_ECDSA_WITH_AES_128_CBC_SHA256, TLS_ECDHE_RSA_WITH_AES_128_CBC_SHA256, TLS_DHE_RSA_WITH_AES_256_CBC_SHA256, TLS_DHE_DSS_WITH_AES_256_CBC_SHA256, TLS_DHE_RSA_WITH_AES_128_CBC_SHA256, TLS_DHE_DSS_WITH_AES_128_CBC_SHA256, TLS_ECDH_ECDSA_WITH_AES_256_GCM_SHA384, TLS_ECDH_RSA_WITH_AES_256_GCM_SHA384, TLS_ECDH_ECDSA_WITH_AES_128_GCM_SHA256, TLS_ECDH_RSA_WITH_AES_128_GCM_SHA256, TLS_ECDH_ECDSA_WITH_AES_256_CBC_SHA384, TLS_ECDH_RSA_WITH_AES_256_CBC_SHA384, TLS_ECDH_ECDSA_WITH_AES_128_CBC_SHA256, TLS_ECDH_RSA_WITH_AES_128_CBC_SHA256, TLS_ECDHE_ECDSA_WITH_AES_256_CBC_SHA, TLS_ECDHE_RSA_WITH_AES_256_CBC_SHA, TLS_ECDHE_ECDSA_WITH_AES_128_CBC_SHA, TLS_ECDHE_RSA_WITH_AES_128_CBC_SHA, TLS_DHE_RSA_WITH_AES_256_CBC_SHA, TLS_DHE_DSS_WITH_AES_256_CBC_SHA, TLS_DHE_RSA_WITH_AES_128_CBC_SHA, TLS_DHE_DSS_WITH_AES_128_CBC_SHA, TLS_ECDH_ECDSA_WITH_AES_256_CBC_SHA, TLS_ECDH_RSA_WITH_AES_256_CBC_SHA, TLS_ECDH_ECDSA_WITH_AES_128_CBC_SHA, TLS_ECDH_RSA_WITH_AES_128_CBC_SHA, TLS_RSA_WITH_AES_256_GCM_SHA384, TLS_RSA_WITH_AES_128_GCM_SHA256, TLS_RSA_WITH_AES_256_CBC_SHA256, TLS_RSA_WITH_AES_128_CBC_SHA256, TLS_RSA_WITH_AES_256_CBC_SHA, TLS_RSA_WITH_AES_128_CBC_SHA, TLS_EMPTY_RENEGOTIATION_INFO_SCSV]
2022-10-20 13:45:26 DEBUG SSLConnectionSocketFactory:435 - Starting handshake
2022-10-20 13:45:27 DEBUG SSLConnectionSocketFactory:465 - Secure session established
2022-10-20 13:45:27 DEBUG SSLConnectionSocketFactory:466 -  negotiated protocol: TLSv1.2
2022-10-20 13:45:27 DEBUG SSLConnectionSocketFactory:467 -  negotiated cipher suite: TLS_ECDHE_RSA_WITH_AES_128_GCM_SHA256
2022-10-20 13:45:27 DEBUG SSLConnectionSocketFactory:475 -  peer principal: CN=*.m.pipedream.net
2022-10-20 13:45:27 DEBUG SSLConnectionSocketFactory:484 -  peer alternative names: [*.m.pipedream.net]
2022-10-20 13:45:27 DEBUG SSLConnectionSocketFactory:488 -  issuer principal: CN=Amazon, OU=Server CA 1B, O=Amazon, C=US
2022-10-20 13:45:27 DEBUG DefaultHttpClientConnectionOperator:146 - Connection established 192.168.0.101:50134<->184.73.200.216:443
2022-10-20 13:45:27 DEBUG MainClientExec:255 - Executing request GET / HTTP/1.1
2022-10-20 13:45:27 DEBUG MainClientExec:260 - Target auth state: UNCHALLENGED
2022-10-20 13:45:27 DEBUG MainClientExec:266 - Proxy auth state: UNCHALLENGED
2022-10-20 13:45:27 DEBUG headers:133 - http-outgoing-0 >> GET / HTTP/1.1
2022-10-20 13:45:27 DEBUG headers:136 - http-outgoing-0 >> User-Agent: Mozilla/5.0
2022-10-20 13:45:27 DEBUG headers:136 - http-outgoing-0 >> Host: eoki08gh5ujo5yk.m.pipedream.net
2022-10-20 13:45:27 DEBUG headers:136 - http-outgoing-0 >> Connection: Keep-Alive
2022-10-20 13:45:27 DEBUG headers:136 - http-outgoing-0 >> Accept-Encoding: gzip,deflate
2022-10-20 13:45:27 DEBUG wire:73 - http-outgoing-0 >> "GET / HTTP/1.1[\r][\n]"
2022-10-20 13:45:27 DEBUG wire:73 - http-outgoing-0 >> "User-Agent: Mozilla/5.0[\r][\n]"
2022-10-20 13:45:27 DEBUG wire:73 - http-outgoing-0 >> "Host: eoki08gh5ujo5yk.m.pipedream.net[\r][\n]"
2022-10-20 13:45:27 DEBUG wire:73 - http-outgoing-0 >> "Connection: Keep-Alive[\r][\n]"
2022-10-20 13:45:27 DEBUG wire:73 - http-outgoing-0 >> "Accept-Encoding: gzip,deflate[\r][\n]"
2022-10-20 13:45:27 DEBUG wire:73 - http-outgoing-0 >> "[\r][\n]"
2022-10-20 13:45:30 DEBUG wire:73 - http-outgoing-0 << "HTTP/1.1 200 OK[\r][\n]"
2022-10-20 13:45:30 DEBUG wire:73 - http-outgoing-0 << "Date: Thu, 20 Oct 2022 10:45:27 GMT[\r][\n]"
2022-10-20 13:45:30 DEBUG wire:73 - http-outgoing-0 << "Content-Type: application/json; charset=utf-8[\r][\n]"
2022-10-20 13:45:30 DEBUG wire:73 - http-outgoing-0 << "Content-Length: 408[\r][\n]"
2022-10-20 13:45:30 DEBUG wire:73 - http-outgoing-0 << "Connection: keep-alive[\r][\n]"
2022-10-20 13:45:30 DEBUG wire:73 - http-outgoing-0 << "X-Powered-By: Express[\r][\n]"
2022-10-20 13:45:30 DEBUG wire:73 - http-outgoing-0 << "Access-Control-Allow-Origin: *[\r][\n]"
2022-10-20 13:45:30 DEBUG wire:73 - http-outgoing-0 << "[\r][\n]"
2022-10-20 13:45:30 DEBUG wire:87 - http-outgoing-0 << "{"about":"Pipedream is the fastest way to connects APIs. Build and run workflows with code-level control when you need it [0xe2][0x80][0x94] and no code when you don't.","event_id":"2GObl2hMwDlQzM1huUe932LvBKR","workflow_id":"p_wOCMprm","owner_id":"u_LGhg1Gb","deployment_id":"d_ybs3R5Q4","timestamp":"2022-10-20T10:45:24.821Z","inspect":"https://pipedream.com/@/p_wOCMprm","quickstart":"https://pipedream.com/quickstart/"}"
2022-10-20 13:45:30 DEBUG headers:122 - http-outgoing-0 << HTTP/1.1 200 OK
2022-10-20 13:45:30 DEBUG headers:125 - http-outgoing-0 << Date: Thu, 20 Oct 2022 10:45:27 GMT
2022-10-20 13:45:30 DEBUG headers:125 - http-outgoing-0 << Content-Type: application/json; charset=utf-8
2022-10-20 13:45:30 DEBUG headers:125 - http-outgoing-0 << Content-Length: 408
2022-10-20 13:45:30 DEBUG headers:125 - http-outgoing-0 << Connection: keep-alive
2022-10-20 13:45:30 DEBUG headers:125 - http-outgoing-0 << X-Powered-By: Express
2022-10-20 13:45:30 DEBUG headers:125 - http-outgoing-0 << Access-Control-Allow-Origin: *
2022-10-20 13:45:30 DEBUG MainClientExec:285 - Connection can be kept alive indefinitely
2022-10-20 13:45:30 DEBUG PoolingHttpClientConnectionManager:342 - Connection [id: 0][route: {s}->https://eoki08gh5ujo5yk.m.pipedream.net:443] can be kept alive indefinitely
2022-10-20 13:45:30 DEBUG DefaultManagedHttpClientConnection:88 - http-outgoing-0: set socket timeout to 0
2022-10-20 13:45:30 DEBUG PoolingHttpClientConnectionManager:349 - Connection released: [id: 0][route: {s}->https://eoki08gh5ujo5yk.m.pipedream.net:443][total kept alive: 1; route allocated: 1 of 2; total allocated: 1 of 20]
2022-10-20 13:56:29 DEBUG RequestAddCookies:123 - CookieSpec selected: default
2022-10-20 13:56:29 DEBUG RequestAuthCache:77 - Auth cache not set in the context
2022-10-20 13:56:29 DEBUG PoolingHttpClientConnectionManager:266 - Connection request: [route: {s}->https://eoki08gh5ujo5yk.m.pipedream.net:443][total kept alive: 0; route allocated: 0 of 2; total allocated: 0 of 20]
2022-10-20 13:56:29 DEBUG PoolingHttpClientConnectionManager:310 - Connection leased: [id: 0][route: {s}->https://eoki08gh5ujo5yk.m.pipedream.net:443][total kept alive: 0; route allocated: 1 of 2; total allocated: 1 of 20]
2022-10-20 13:56:29 DEBUG MainClientExec:234 - Opening connection {s}->https://eoki08gh5ujo5yk.m.pipedream.net:443
2022-10-20 13:56:30 DEBUG DefaultHttpClientConnectionOperator:139 - Connecting to eoki08gh5ujo5yk.m.pipedream.net/52.20.61.91:443
2022-10-20 13:56:30 DEBUG SSLConnectionSocketFactory:366 - Connecting socket to eoki08gh5ujo5yk.m.pipedream.net/52.20.61.91:443 with timeout 0
2022-10-20 13:56:30 DEBUG SSLConnectionSocketFactory:430 - Enabled protocols: [TLSv1.2]
2022-10-20 13:56:30 DEBUG SSLConnectionSocketFactory:431 - Enabled cipher suites:[TLS_ECDHE_ECDSA_WITH_AES_256_GCM_SHA384, TLS_ECDHE_ECDSA_WITH_AES_128_GCM_SHA256, TLS_ECDHE_RSA_WITH_AES_256_GCM_SHA384, TLS_ECDHE_RSA_WITH_AES_128_GCM_SHA256, TLS_DHE_RSA_WITH_AES_256_GCM_SHA384, TLS_DHE_DSS_WITH_AES_256_GCM_SHA384, TLS_DHE_RSA_WITH_AES_128_GCM_SHA256, TLS_DHE_DSS_WITH_AES_128_GCM_SHA256, TLS_ECDHE_ECDSA_WITH_AES_256_CBC_SHA384, TLS_ECDHE_RSA_WITH_AES_256_CBC_SHA384, TLS_ECDHE_ECDSA_WITH_AES_128_CBC_SHA256, TLS_ECDHE_RSA_WITH_AES_128_CBC_SHA256, TLS_DHE_RSA_WITH_AES_256_CBC_SHA256, TLS_DHE_DSS_WITH_AES_256_CBC_SHA256, TLS_DHE_RSA_WITH_AES_128_CBC_SHA256, TLS_DHE_DSS_WITH_AES_128_CBC_SHA256, TLS_ECDH_ECDSA_WITH_AES_256_GCM_SHA384, TLS_ECDH_RSA_WITH_AES_256_GCM_SHA384, TLS_ECDH_ECDSA_WITH_AES_128_GCM_SHA256, TLS_ECDH_RSA_WITH_AES_128_GCM_SHA256, TLS_ECDH_ECDSA_WITH_AES_256_CBC_SHA384, TLS_ECDH_RSA_WITH_AES_256_CBC_SHA384, TLS_ECDH_ECDSA_WITH_AES_128_CBC_SHA256, TLS_ECDH_RSA_WITH_AES_128_CBC_SHA256, TLS_ECDHE_ECDSA_WITH_AES_256_CBC_SHA, TLS_ECDHE_RSA_WITH_AES_256_CBC_SHA, TLS_ECDHE_ECDSA_WITH_AES_128_CBC_SHA, TLS_ECDHE_RSA_WITH_AES_128_CBC_SHA, TLS_DHE_RSA_WITH_AES_256_CBC_SHA, TLS_DHE_DSS_WITH_AES_256_CBC_SHA, TLS_DHE_RSA_WITH_AES_128_CBC_SHA, TLS_DHE_DSS_WITH_AES_128_CBC_SHA, TLS_ECDH_ECDSA_WITH_AES_256_CBC_SHA, TLS_ECDH_RSA_WITH_AES_256_CBC_SHA, TLS_ECDH_ECDSA_WITH_AES_128_CBC_SHA, TLS_ECDH_RSA_WITH_AES_128_CBC_SHA, TLS_RSA_WITH_AES_256_GCM_SHA384, TLS_RSA_WITH_AES_128_GCM_SHA256, TLS_RSA_WITH_AES_256_CBC_SHA256, TLS_RSA_WITH_AES_128_CBC_SHA256, TLS_RSA_WITH_AES_256_CBC_SHA, TLS_RSA_WITH_AES_128_CBC_SHA, TLS_EMPTY_RENEGOTIATION_INFO_SCSV]
2022-10-20 13:56:30 DEBUG SSLConnectionSocketFactory:435 - Starting handshake
2022-10-20 13:56:30 DEBUG SSLConnectionSocketFactory:465 - Secure session established
2022-10-20 13:56:30 DEBUG SSLConnectionSocketFactory:466 -  negotiated protocol: TLSv1.2
2022-10-20 13:56:30 DEBUG SSLConnectionSocketFactory:467 -  negotiated cipher suite: TLS_ECDHE_RSA_WITH_AES_128_GCM_SHA256
2022-10-20 13:56:30 DEBUG SSLConnectionSocketFactory:475 -  peer principal: CN=*.m.pipedream.net
2022-10-20 13:56:30 DEBUG SSLConnectionSocketFactory:484 -  peer alternative names: [*.m.pipedream.net]
2022-10-20 13:56:30 DEBUG SSLConnectionSocketFactory:488 -  issuer principal: CN=Amazon, OU=Server CA 1B, O=Amazon, C=US
2022-10-20 13:56:30 DEBUG DefaultHttpClientConnectionOperator:146 - Connection established 192.168.0.101:50188<->52.20.61.91:443
2022-10-20 13:56:30 DEBUG MainClientExec:255 - Executing request POST / HTTP/1.1
2022-10-20 13:56:30 DEBUG MainClientExec:260 - Target auth state: UNCHALLENGED
2022-10-20 13:56:30 DEBUG MainClientExec:266 - Proxy auth state: UNCHALLENGED
2022-10-20 13:56:30 DEBUG headers:133 - http-outgoing-0 >> POST / HTTP/1.1
2022-10-20 13:56:30 DEBUG headers:136 - http-outgoing-0 >> User-Agent: Mozilla/5.0
2022-10-20 13:56:30 DEBUG headers:136 - http-outgoing-0 >> Content-Length: 0
2022-10-20 13:56:30 DEBUG headers:136 - http-outgoing-0 >> Host: eoki08gh5ujo5yk.m.pipedream.net
2022-10-20 13:56:30 DEBUG headers:136 - http-outgoing-0 >> Connection: Keep-Alive
2022-10-20 13:56:30 DEBUG headers:136 - http-outgoing-0 >> Accept-Encoding: gzip,deflate
2022-10-20 13:56:30 DEBUG wire:73 - http-outgoing-0 >> "POST / HTTP/1.1[\r][\n]"
2022-10-20 13:56:30 DEBUG wire:73 - http-outgoing-0 >> "User-Agent: Mozilla/5.0[\r][\n]"
2022-10-20 13:56:30 DEBUG wire:73 - http-outgoing-0 >> "Content-Length: 0[\r][\n]"
2022-10-20 13:56:30 DEBUG wire:73 - http-outgoing-0 >> "Host: eoki08gh5ujo5yk.m.pipedream.net[\r][\n]"
2022-10-20 13:56:30 DEBUG wire:73 - http-outgoing-0 >> "Connection: Keep-Alive[\r][\n]"
2022-10-20 13:56:30 DEBUG wire:73 - http-outgoing-0 >> "Accept-Encoding: gzip,deflate[\r][\n]"
2022-10-20 13:56:30 DEBUG wire:73 - http-outgoing-0 >> "[\r][\n]"
2022-10-20 13:56:34 DEBUG wire:73 - http-outgoing-0 << "HTTP/1.1 200 OK[\r][\n]"
2022-10-20 13:56:34 DEBUG wire:73 - http-outgoing-0 << "Date: Thu, 20 Oct 2022 10:56:31 GMT[\r][\n]"
2022-10-20 13:56:34 DEBUG wire:73 - http-outgoing-0 << "Content-Type: application/json; charset=utf-8[\r][\n]"
2022-10-20 13:56:34 DEBUG wire:73 - http-outgoing-0 << "Content-Length: 408[\r][\n]"
2022-10-20 13:56:34 DEBUG wire:73 - http-outgoing-0 << "Connection: keep-alive[\r][\n]"
2022-10-20 13:56:34 DEBUG wire:73 - http-outgoing-0 << "X-Powered-By: Express[\r][\n]"
2022-10-20 13:56:34 DEBUG wire:73 - http-outgoing-0 << "Access-Control-Allow-Origin: *[\r][\n]"
2022-10-20 13:56:34 DEBUG wire:73 - http-outgoing-0 << "[\r][\n]"
2022-10-20 13:56:34 DEBUG wire:87 - http-outgoing-0 << "{"about":"Pipedream is the fastest way to connects APIs. Build and run workflows with code-level control when you need it [0xe2][0x80][0x94] and no code when you don't.","event_id":"2GOd6RpbvQ7WdYNQta7JrxQsfTY","workflow_id":"p_wOCMprm","owner_id":"u_LGhg1Gb","deployment_id":"d_ybs3R5Q4","timestamp":"2022-10-20T10:56:28.305Z","inspect":"https://pipedream.com/@/p_wOCMprm","quickstart":"https://pipedream.com/quickstart/"}"
2022-10-20 13:56:34 DEBUG headers:122 - http-outgoing-0 << HTTP/1.1 200 OK
2022-10-20 13:56:34 DEBUG headers:125 - http-outgoing-0 << Date: Thu, 20 Oct 2022 10:56:31 GMT
2022-10-20 13:56:34 DEBUG headers:125 - http-outgoing-0 << Content-Type: application/json; charset=utf-8
2022-10-20 13:56:34 DEBUG headers:125 - http-outgoing-0 << Content-Length: 408
2022-10-20 13:56:34 DEBUG headers:125 - http-outgoing-0 << Connection: keep-alive
2022-10-20 13:56:34 DEBUG headers:125 - http-outgoing-0 << X-Powered-By: Express
2022-10-20 13:56:34 DEBUG headers:125 - http-outgoing-0 << Access-Control-Allow-Origin: *
2022-10-20 13:56:34 DEBUG MainClientExec:285 - Connection can be kept alive indefinitely
2022-10-20 13:56:34 DEBUG PoolingHttpClientConnectionManager:342 - Connection [id: 0][route: {s}->https://eoki08gh5ujo5yk.m.pipedream.net:443] can be kept alive indefinitely
2022-10-20 13:56:34 DEBUG DefaultManagedHttpClientConnection:88 - http-outgoing-0: set socket timeout to 0
2022-10-20 13:56:34 DEBUG PoolingHttpClientConnectionManager:349 - Connection released: [id: 0][route: {s}->https://eoki08gh5ujo5yk.m.pipedream.net:443][total kept alive: 1; route allocated: 1 of 2; total allocated: 1 of 20]
2022-10-20 14:01:34 DEBUG RequestAddCookies:123 - CookieSpec selected: default
2022-10-20 14:01:34 DEBUG RequestAuthCache:77 - Auth cache not set in the context
2022-10-20 14:01:34 DEBUG PoolingHttpClientConnectionManager:266 - Connection request: [route: {s}->https://eoki08gh5ujo5yk.m.pipedream.net:443][total kept alive: 0; route allocated: 0 of 2; total allocated: 0 of 20]
2022-10-20 14:01:34 DEBUG PoolingHttpClientConnectionManager:310 - Connection leased: [id: 0][route: {s}->https://eoki08gh5ujo5yk.m.pipedream.net:443][total kept alive: 0; route allocated: 1 of 2; total allocated: 1 of 20]
2022-10-20 14:01:35 DEBUG MainClientExec:234 - Opening connection {s}->https://eoki08gh5ujo5yk.m.pipedream.net:443
2022-10-20 14:01:35 DEBUG DefaultHttpClientConnectionOperator:139 - Connecting to eoki08gh5ujo5yk.m.pipedream.net/52.20.61.91:443
2022-10-20 14:01:35 DEBUG SSLConnectionSocketFactory:366 - Connecting socket to eoki08gh5ujo5yk.m.pipedream.net/52.20.61.91:443 with timeout 0
2022-10-20 14:01:35 DEBUG SSLConnectionSocketFactory:430 - Enabled protocols: [TLSv1.2]
2022-10-20 14:01:35 DEBUG SSLConnectionSocketFactory:431 - Enabled cipher suites:[TLS_ECDHE_ECDSA_WITH_AES_256_GCM_SHA384, TLS_ECDHE_ECDSA_WITH_AES_128_GCM_SHA256, TLS_ECDHE_RSA_WITH_AES_256_GCM_SHA384, TLS_ECDHE_RSA_WITH_AES_128_GCM_SHA256, TLS_DHE_RSA_WITH_AES_256_GCM_SHA384, TLS_DHE_DSS_WITH_AES_256_GCM_SHA384, TLS_DHE_RSA_WITH_AES_128_GCM_SHA256, TLS_DHE_DSS_WITH_AES_128_GCM_SHA256, TLS_ECDHE_ECDSA_WITH_AES_256_CBC_SHA384, TLS_ECDHE_RSA_WITH_AES_256_CBC_SHA384, TLS_ECDHE_ECDSA_WITH_AES_128_CBC_SHA256, TLS_ECDHE_RSA_WITH_AES_128_CBC_SHA256, TLS_DHE_RSA_WITH_AES_256_CBC_SHA256, TLS_DHE_DSS_WITH_AES_256_CBC_SHA256, TLS_DHE_RSA_WITH_AES_128_CBC_SHA256, TLS_DHE_DSS_WITH_AES_128_CBC_SHA256, TLS_ECDH_ECDSA_WITH_AES_256_GCM_SHA384, TLS_ECDH_RSA_WITH_AES_256_GCM_SHA384, TLS_ECDH_ECDSA_WITH_AES_128_GCM_SHA256, TLS_ECDH_RSA_WITH_AES_128_GCM_SHA256, TLS_ECDH_ECDSA_WITH_AES_256_CBC_SHA384, TLS_ECDH_RSA_WITH_AES_256_CBC_SHA384, TLS_ECDH_ECDSA_WITH_AES_128_CBC_SHA256, TLS_ECDH_RSA_WITH_AES_128_CBC_SHA256, TLS_ECDHE_ECDSA_WITH_AES_256_CBC_SHA, TLS_ECDHE_RSA_WITH_AES_256_CBC_SHA, TLS_ECDHE_ECDSA_WITH_AES_128_CBC_SHA, TLS_ECDHE_RSA_WITH_AES_128_CBC_SHA, TLS_DHE_RSA_WITH_AES_256_CBC_SHA, TLS_DHE_DSS_WITH_AES_256_CBC_SHA, TLS_DHE_RSA_WITH_AES_128_CBC_SHA, TLS_DHE_DSS_WITH_AES_128_CBC_SHA, TLS_ECDH_ECDSA_WITH_AES_256_CBC_SHA, TLS_ECDH_RSA_WITH_AES_256_CBC_SHA, TLS_ECDH_ECDSA_WITH_AES_128_CBC_SHA, TLS_ECDH_RSA_WITH_AES_128_CBC_SHA, TLS_RSA_WITH_AES_256_GCM_SHA384, TLS_RSA_WITH_AES_128_GCM_SHA256, TLS_RSA_WITH_AES_256_CBC_SHA256, TLS_RSA_WITH_AES_128_CBC_SHA256, TLS_RSA_WITH_AES_256_CBC_SHA, TLS_RSA_WITH_AES_128_CBC_SHA, TLS_EMPTY_RENEGOTIATION_INFO_SCSV]
2022-10-20 14:01:35 DEBUG SSLConnectionSocketFactory:435 - Starting handshake
2022-10-20 14:01:36 DEBUG SSLConnectionSocketFactory:465 - Secure session established
2022-10-20 14:01:36 DEBUG SSLConnectionSocketFactory:466 -  negotiated protocol: TLSv1.2
2022-10-20 14:01:36 DEBUG SSLConnectionSocketFactory:467 -  negotiated cipher suite: TLS_ECDHE_RSA_WITH_AES_128_GCM_SHA256
2022-10-20 14:01:36 DEBUG SSLConnectionSocketFactory:475 -  peer principal: CN=*.m.pipedream.net
2022-10-20 14:01:36 DEBUG SSLConnectionSocketFactory:484 -  peer alternative names: [*.m.pipedream.net]
2022-10-20 14:01:36 DEBUG SSLConnectionSocketFactory:488 -  issuer principal: CN=Amazon, OU=Server CA 1B, O=Amazon, C=US
2022-10-20 14:01:36 DEBUG DefaultHttpClientConnectionOperator:146 - Connection established 192.168.0.101:50218<->52.20.61.91:443
2022-10-20 14:01:36 DEBUG MainClientExec:255 - Executing request POST / HTTP/1.1
2022-10-20 14:01:36 DEBUG MainClientExec:260 - Target auth state: UNCHALLENGED
2022-10-20 14:01:36 DEBUG MainClientExec:266 - Proxy auth state: UNCHALLENGED
2022-10-20 14:01:36 DEBUG headers:133 - http-outgoing-0 >> POST / HTTP/1.1
2022-10-20 14:01:36 DEBUG headers:136 - http-outgoing-0 >> User-Agent: Mozilla/5.0
2022-10-20 14:01:36 DEBUG headers:136 - http-outgoing-0 >> Content-Length: 34
2022-10-20 14:01:36 DEBUG headers:136 - http-outgoing-0 >> Content-Type: application/x-www-form-urlencoded
2022-10-20 14:01:36 DEBUG headers:136 - http-outgoing-0 >> Host: eoki08gh5ujo5yk.m.pipedream.net
2022-10-20 14:01:36 DEBUG headers:136 - http-outgoing-0 >> Connection: Keep-Alive
2022-10-20 14:01:36 DEBUG headers:136 - http-outgoing-0 >> Accept-Encoding: gzip,deflate
2022-10-20 14:01:36 DEBUG wire:73 - http-outgoing-0 >> "POST / HTTP/1.1[\r][\n]"
2022-10-20 14:01:36 DEBUG wire:73 - http-outgoing-0 >> "User-Agent: Mozilla/5.0[\r][\n]"
2022-10-20 14:01:36 DEBUG wire:73 - http-outgoing-0 >> "Content-Length: 34[\r][\n]"
2022-10-20 14:01:36 DEBUG wire:73 - http-outgoing-0 >> "Content-Type: application/x-www-form-urlencoded[\r][\n]"
2022-10-20 14:01:36 DEBUG wire:73 - http-outgoing-0 >> "Host: eoki08gh5ujo5yk.m.pipedream.net[\r][\n]"
2022-10-20 14:01:36 DEBUG wire:73 - http-outgoing-0 >> "Connection: Keep-Alive[\r][\n]"
2022-10-20 14:01:36 DEBUG wire:73 - http-outgoing-0 >> "Accept-Encoding: gzip,deflate[\r][\n]"
2022-10-20 14:01:36 DEBUG wire:73 - http-outgoing-0 >> "[\r][\n]"
2022-10-20 14:01:36 DEBUG wire:87 - http-outgoing-0 >> "name=zapp&mood=good&locale=&id=777"
2022-10-20 14:01:39 DEBUG wire:73 - http-outgoing-0 << "HTTP/1.1 200 OK[\r][\n]"
2022-10-20 14:01:39 DEBUG wire:73 - http-outgoing-0 << "Date: Thu, 20 Oct 2022 11:01:36 GMT[\r][\n]"
2022-10-20 14:01:39 DEBUG wire:73 - http-outgoing-0 << "Content-Type: application/json; charset=utf-8[\r][\n]"
2022-10-20 14:01:39 DEBUG wire:73 - http-outgoing-0 << "Content-Length: 408[\r][\n]"
2022-10-20 14:01:39 DEBUG wire:73 - http-outgoing-0 << "Connection: keep-alive[\r][\n]"
2022-10-20 14:01:39 DEBUG wire:73 - http-outgoing-0 << "X-Powered-By: Express[\r][\n]"
2022-10-20 14:01:39 DEBUG wire:73 - http-outgoing-0 << "Access-Control-Allow-Origin: *[\r][\n]"
2022-10-20 14:01:39 DEBUG wire:73 - http-outgoing-0 << "[\r][\n]"
2022-10-20 14:01:39 DEBUG wire:87 - http-outgoing-0 << "{"about":"Pipedream is the fastest way to connects APIs. Build and run workflows with code-level control when you need it [0xe2][0x80][0x94] and no code when you don't.","event_id":"2GOdilFtMansUuKuDD8ZeooAPx9","workflow_id":"p_wOCMprm","owner_id":"u_LGhg1Gb","deployment_id":"d_ybs3R5Q4","timestamp":"2022-10-20T11:01:33.588Z","inspect":"https://pipedream.com/@/p_wOCMprm","quickstart":"https://pipedream.com/quickstart/"}"
2022-10-20 14:01:39 DEBUG headers:122 - http-outgoing-0 << HTTP/1.1 200 OK
2022-10-20 14:01:39 DEBUG headers:125 - http-outgoing-0 << Date: Thu, 20 Oct 2022 11:01:36 GMT
2022-10-20 14:01:39 DEBUG headers:125 - http-outgoing-0 << Content-Type: application/json; charset=utf-8
2022-10-20 14:01:39 DEBUG headers:125 - http-outgoing-0 << Content-Length: 408
2022-10-20 14:01:39 DEBUG headers:125 - http-outgoing-0 << Connection: keep-alive
2022-10-20 14:01:39 DEBUG headers:125 - http-outgoing-0 << X-Powered-By: Express
2022-10-20 14:01:39 DEBUG headers:125 - http-outgoing-0 << Access-Control-Allow-Origin: *
2022-10-20 14:01:39 DEBUG MainClientExec:285 - Connection can be kept alive indefinitely
2022-10-20 14:01:39 DEBUG PoolingHttpClientConnectionManager:342 - Connection [id: 0][route: {s}->https://eoki08gh5ujo5yk.m.pipedream.net:443] can be kept alive indefinitely
2022-10-20 14:01:39 DEBUG DefaultManagedHttpClientConnection:88 - http-outgoing-0: set socket timeout to 0
2022-10-20 14:01:39 DEBUG PoolingHttpClientConnectionManager:349 - Connection released: [id: 0][route: {s}->https://eoki08gh5ujo5yk.m.pipedream.net:443][total kept alive: 1; route allocated: 1 of 2; total allocated: 1 of 20]
2022-10-20 14:03:27 DEBUG RequestAddCookies:123 - CookieSpec selected: default
2022-10-20 14:03:27 DEBUG RequestAuthCache:77 - Auth cache not set in the context
2022-10-20 14:03:27 DEBUG PoolingHttpClientConnectionManager:266 - Connection request: [route: {s}->https://eoki08gh5ujo5yk.m.pipedream.net:443][total kept alive: 0; route allocated: 0 of 2; total allocated: 0 of 20]
2022-10-20 14:03:27 DEBUG PoolingHttpClientConnectionManager:310 - Connection leased: [id: 0][route: {s}->https://eoki08gh5ujo5yk.m.pipedream.net:443][total kept alive: 0; route allocated: 1 of 2; total allocated: 1 of 20]
2022-10-20 14:03:27 DEBUG MainClientExec:234 - Opening connection {s}->https://eoki08gh5ujo5yk.m.pipedream.net:443
2022-10-20 14:03:27 DEBUG DefaultHttpClientConnectionOperator:139 - Connecting to eoki08gh5ujo5yk.m.pipedream.net/35.169.212.217:443
2022-10-20 14:03:27 DEBUG SSLConnectionSocketFactory:366 - Connecting socket to eoki08gh5ujo5yk.m.pipedream.net/35.169.212.217:443 with timeout 0
2022-10-20 14:03:27 DEBUG SSLConnectionSocketFactory:430 - Enabled protocols: [TLSv1.2]
2022-10-20 14:03:27 DEBUG SSLConnectionSocketFactory:431 - Enabled cipher suites:[TLS_ECDHE_ECDSA_WITH_AES_256_GCM_SHA384, TLS_ECDHE_ECDSA_WITH_AES_128_GCM_SHA256, TLS_ECDHE_RSA_WITH_AES_256_GCM_SHA384, TLS_ECDHE_RSA_WITH_AES_128_GCM_SHA256, TLS_DHE_RSA_WITH_AES_256_GCM_SHA384, TLS_DHE_DSS_WITH_AES_256_GCM_SHA384, TLS_DHE_RSA_WITH_AES_128_GCM_SHA256, TLS_DHE_DSS_WITH_AES_128_GCM_SHA256, TLS_ECDHE_ECDSA_WITH_AES_256_CBC_SHA384, TLS_ECDHE_RSA_WITH_AES_256_CBC_SHA384, TLS_ECDHE_ECDSA_WITH_AES_128_CBC_SHA256, TLS_ECDHE_RSA_WITH_AES_128_CBC_SHA256, TLS_DHE_RSA_WITH_AES_256_CBC_SHA256, TLS_DHE_DSS_WITH_AES_256_CBC_SHA256, TLS_DHE_RSA_WITH_AES_128_CBC_SHA256, TLS_DHE_DSS_WITH_AES_128_CBC_SHA256, TLS_ECDH_ECDSA_WITH_AES_256_GCM_SHA384, TLS_ECDH_RSA_WITH_AES_256_GCM_SHA384, TLS_ECDH_ECDSA_WITH_AES_128_GCM_SHA256, TLS_ECDH_RSA_WITH_AES_128_GCM_SHA256, TLS_ECDH_ECDSA_WITH_AES_256_CBC_SHA384, TLS_ECDH_RSA_WITH_AES_256_CBC_SHA384, TLS_ECDH_ECDSA_WITH_AES_128_CBC_SHA256, TLS_ECDH_RSA_WITH_AES_128_CBC_SHA256, TLS_ECDHE_ECDSA_WITH_AES_256_CBC_SHA, TLS_ECDHE_RSA_WITH_AES_256_CBC_SHA, TLS_ECDHE_ECDSA_WITH_AES_128_CBC_SHA, TLS_ECDHE_RSA_WITH_AES_128_CBC_SHA, TLS_DHE_RSA_WITH_AES_256_CBC_SHA, TLS_DHE_DSS_WITH_AES_256_CBC_SHA, TLS_DHE_RSA_WITH_AES_128_CBC_SHA, TLS_DHE_DSS_WITH_AES_128_CBC_SHA, TLS_ECDH_ECDSA_WITH_AES_256_CBC_SHA, TLS_ECDH_RSA_WITH_AES_256_CBC_SHA, TLS_ECDH_ECDSA_WITH_AES_128_CBC_SHA, TLS_ECDH_RSA_WITH_AES_128_CBC_SHA, TLS_RSA_WITH_AES_256_GCM_SHA384, TLS_RSA_WITH_AES_128_GCM_SHA256, TLS_RSA_WITH_AES_256_CBC_SHA256, TLS_RSA_WITH_AES_128_CBC_SHA256, TLS_RSA_WITH_AES_256_CBC_SHA, TLS_RSA_WITH_AES_128_CBC_SHA, TLS_EMPTY_RENEGOTIATION_INFO_SCSV]
2022-10-20 14:03:27 DEBUG SSLConnectionSocketFactory:435 - Starting handshake
2022-10-20 14:03:28 DEBUG SSLConnectionSocketFactory:465 - Secure session established
2022-10-20 14:03:28 DEBUG SSLConnectionSocketFactory:466 -  negotiated protocol: TLSv1.2
2022-10-20 14:03:28 DEBUG SSLConnectionSocketFactory:467 -  negotiated cipher suite: TLS_ECDHE_RSA_WITH_AES_128_GCM_SHA256
2022-10-20 14:03:28 DEBUG SSLConnectionSocketFactory:475 -  peer principal: CN=*.m.pipedream.net
2022-10-20 14:03:28 DEBUG SSLConnectionSocketFactory:484 -  peer alternative names: [*.m.pipedream.net]
2022-10-20 14:03:28 DEBUG SSLConnectionSocketFactory:488 -  issuer principal: CN=Amazon, OU=Server CA 1B, O=Amazon, C=US
2022-10-20 14:03:28 DEBUG DefaultHttpClientConnectionOperator:146 - Connection established 192.168.0.101:50231<->35.169.212.217:443
2022-10-20 14:03:28 DEBUG MainClientExec:255 - Executing request POST / HTTP/1.1
2022-10-20 14:03:28 DEBUG MainClientExec:260 - Target auth state: UNCHALLENGED
2022-10-20 14:03:28 DEBUG MainClientExec:266 - Proxy auth state: UNCHALLENGED
2022-10-20 14:03:28 DEBUG headers:133 - http-outgoing-0 >> POST / HTTP/1.1
2022-10-20 14:03:28 DEBUG headers:136 - http-outgoing-0 >> User-Agent: Mozilla/5.0
2022-10-20 14:03:28 DEBUG headers:136 - http-outgoing-0 >> Content-Length: 34
2022-10-20 14:03:28 DEBUG headers:136 - http-outgoing-0 >> Content-Type: application/x-www-form-urlencoded
2022-10-20 14:03:28 DEBUG headers:136 - http-outgoing-0 >> Host: eoki08gh5ujo5yk.m.pipedream.net
2022-10-20 14:03:28 DEBUG headers:136 - http-outgoing-0 >> Connection: Keep-Alive
2022-10-20 14:03:28 DEBUG headers:136 - http-outgoing-0 >> Accept-Encoding: gzip,deflate
2022-10-20 14:03:28 DEBUG wire:73 - http-outgoing-0 >> "POST / HTTP/1.1[\r][\n]"
2022-10-20 14:03:28 DEBUG wire:73 - http-outgoing-0 >> "User-Agent: Mozilla/5.0[\r][\n]"
2022-10-20 14:03:28 DEBUG wire:73 - http-outgoing-0 >> "Content-Length: 34[\r][\n]"
2022-10-20 14:03:28 DEBUG wire:73 - http-outgoing-0 >> "Content-Type: application/x-www-form-urlencoded[\r][\n]"
2022-10-20 14:03:28 DEBUG wire:73 - http-outgoing-0 >> "Host: eoki08gh5ujo5yk.m.pipedream.net[\r][\n]"
2022-10-20 14:03:28 DEBUG wire:73 - http-outgoing-0 >> "Connection: Keep-Alive[\r][\n]"
2022-10-20 14:03:28 DEBUG wire:73 - http-outgoing-0 >> "Accept-Encoding: gzip,deflate[\r][\n]"
2022-10-20 14:03:28 DEBUG wire:73 - http-outgoing-0 >> "[\r][\n]"
2022-10-20 14:03:28 DEBUG wire:87 - http-outgoing-0 >> "name=zapp&mood=good&locale=&id=777"
2022-10-20 14:03:28 DEBUG wire:73 - http-outgoing-0 << "HTTP/1.1 200 OK[\r][\n]"
2022-10-20 14:03:28 DEBUG wire:73 - http-outgoing-0 << "Date: Thu, 20 Oct 2022 11:03:25 GMT[\r][\n]"
2022-10-20 14:03:28 DEBUG wire:73 - http-outgoing-0 << "Content-Type: application/json; charset=utf-8[\r][\n]"
2022-10-20 14:03:28 DEBUG wire:73 - http-outgoing-0 << "Content-Length: 408[\r][\n]"
2022-10-20 14:03:28 DEBUG wire:73 - http-outgoing-0 << "Connection: keep-alive[\r][\n]"
2022-10-20 14:03:28 DEBUG wire:73 - http-outgoing-0 << "X-Powered-By: Express[\r][\n]"
2022-10-20 14:03:28 DEBUG wire:73 - http-outgoing-0 << "Access-Control-Allow-Origin: *[\r][\n]"
2022-10-20 14:03:28 DEBUG wire:73 - http-outgoing-0 << "[\r][\n]"
2022-10-20 14:03:28 DEBUG wire:87 - http-outgoing-0 << "{"about":"Pipedream is the fastest way to connects APIs. Build and run workflows with code-level control when you need it [0xe2][0x80][0x94] and no code when you don't.","event_id":"2GOdwpd9d39Xb6OWPV1f8esJFVW","workflow_id":"p_wOCMprm","owner_id":"u_LGhg1Gb","deployment_id":"d_ybs3R5Q4","timestamp":"2022-10-20T11:03:25.572Z","inspect":"https://pipedream.com/@/p_wOCMprm","quickstart":"https://pipedream.com/quickstart/"}"
2022-10-20 14:03:28 DEBUG headers:122 - http-outgoing-0 << HTTP/1.1 200 OK
2022-10-20 14:03:28 DEBUG headers:125 - http-outgoing-0 << Date: Thu, 20 Oct 2022 11:03:25 GMT
2022-10-20 14:03:28 DEBUG headers:125 - http-outgoing-0 << Content-Type: application/json; charset=utf-8
2022-10-20 14:03:28 DEBUG headers:125 - http-outgoing-0 << Content-Length: 408
2022-10-20 14:03:28 DEBUG headers:125 - http-outgoing-0 << Connection: keep-alive
2022-10-20 14:03:28 DEBUG headers:125 - http-outgoing-0 << X-Powered-By: Express
2022-10-20 14:03:28 DEBUG headers:125 - http-outgoing-0 << Access-Control-Allow-Origin: *
2022-10-20 14:03:28 DEBUG MainClientExec:285 - Connection can be kept alive indefinitely
2022-10-20 14:03:28 DEBUG PoolingHttpClientConnectionManager:342 - Connection [id: 0][route: {s}->https://eoki08gh5ujo5yk.m.pipedream.net:443] can be kept alive indefinitely
2022-10-20 14:03:28 DEBUG DefaultManagedHttpClientConnection:88 - http-outgoing-0: set socket timeout to 0
2022-10-20 14:03:28 DEBUG PoolingHttpClientConnectionManager:349 - Connection released: [id: 0][route: {s}->https://eoki08gh5ujo5yk.m.pipedream.net:443][total kept alive: 1; route allocated: 1 of 2; total allocated: 1 of 20]
2022-10-20 14:08:00 DEBUG RequestAddCookies:123 - CookieSpec selected: default
2022-10-20 14:08:00 DEBUG RequestAuthCache:77 - Auth cache not set in the context
2022-10-20 14:08:00 DEBUG PoolingHttpClientConnectionManager:266 - Connection request: [route: {s}->https://eoki08gh5ujo5yk.m.pipedream.net:443][total kept alive: 0; route allocated: 0 of 2; total allocated: 0 of 20]
2022-10-20 14:08:00 DEBUG PoolingHttpClientConnectionManager:310 - Connection leased: [id: 0][route: {s}->https://eoki08gh5ujo5yk.m.pipedream.net:443][total kept alive: 0; route allocated: 1 of 2; total allocated: 1 of 20]
2022-10-20 14:08:00 DEBUG MainClientExec:234 - Opening connection {s}->https://eoki08gh5ujo5yk.m.pipedream.net:443
2022-10-20 14:08:00 DEBUG DefaultHttpClientConnectionOperator:139 - Connecting to eoki08gh5ujo5yk.m.pipedream.net/54.88.184.247:443
2022-10-20 14:08:00 DEBUG SSLConnectionSocketFactory:366 - Connecting socket to eoki08gh5ujo5yk.m.pipedream.net/54.88.184.247:443 with timeout 0
2022-10-20 14:08:00 DEBUG SSLConnectionSocketFactory:430 - Enabled protocols: [TLSv1.2]
2022-10-20 14:08:00 DEBUG SSLConnectionSocketFactory:431 - Enabled cipher suites:[TLS_ECDHE_ECDSA_WITH_AES_256_GCM_SHA384, TLS_ECDHE_ECDSA_WITH_AES_128_GCM_SHA256, TLS_ECDHE_RSA_WITH_AES_256_GCM_SHA384, TLS_ECDHE_RSA_WITH_AES_128_GCM_SHA256, TLS_DHE_RSA_WITH_AES_256_GCM_SHA384, TLS_DHE_DSS_WITH_AES_256_GCM_SHA384, TLS_DHE_RSA_WITH_AES_128_GCM_SHA256, TLS_DHE_DSS_WITH_AES_128_GCM_SHA256, TLS_ECDHE_ECDSA_WITH_AES_256_CBC_SHA384, TLS_ECDHE_RSA_WITH_AES_256_CBC_SHA384, TLS_ECDHE_ECDSA_WITH_AES_128_CBC_SHA256, TLS_ECDHE_RSA_WITH_AES_128_CBC_SHA256, TLS_DHE_RSA_WITH_AES_256_CBC_SHA256, TLS_DHE_DSS_WITH_AES_256_CBC_SHA256, TLS_DHE_RSA_WITH_AES_128_CBC_SHA256, TLS_DHE_DSS_WITH_AES_128_CBC_SHA256, TLS_ECDH_ECDSA_WITH_AES_256_GCM_SHA384, TLS_ECDH_RSA_WITH_AES_256_GCM_SHA384, TLS_ECDH_ECDSA_WITH_AES_128_GCM_SHA256, TLS_ECDH_RSA_WITH_AES_128_GCM_SHA256, TLS_ECDH_ECDSA_WITH_AES_256_CBC_SHA384, TLS_ECDH_RSA_WITH_AES_256_CBC_SHA384, TLS_ECDH_ECDSA_WITH_AES_128_CBC_SHA256, TLS_ECDH_RSA_WITH_AES_128_CBC_SHA256, TLS_ECDHE_ECDSA_WITH_AES_256_CBC_SHA, TLS_ECDHE_RSA_WITH_AES_256_CBC_SHA, TLS_ECDHE_ECDSA_WITH_AES_128_CBC_SHA, TLS_ECDHE_RSA_WITH_AES_128_CBC_SHA, TLS_DHE_RSA_WITH_AES_256_CBC_SHA, TLS_DHE_DSS_WITH_AES_256_CBC_SHA, TLS_DHE_RSA_WITH_AES_128_CBC_SHA, TLS_DHE_DSS_WITH_AES_128_CBC_SHA, TLS_ECDH_ECDSA_WITH_AES_256_CBC_SHA, TLS_ECDH_RSA_WITH_AES_256_CBC_SHA, TLS_ECDH_ECDSA_WITH_AES_128_CBC_SHA, TLS_ECDH_RSA_WITH_AES_128_CBC_SHA, TLS_RSA_WITH_AES_256_GCM_SHA384, TLS_RSA_WITH_AES_128_GCM_SHA256, TLS_RSA_WITH_AES_256_CBC_SHA256, TLS_RSA_WITH_AES_128_CBC_SHA256, TLS_RSA_WITH_AES_256_CBC_SHA, TLS_RSA_WITH_AES_128_CBC_SHA, TLS_EMPTY_RENEGOTIATION_INFO_SCSV]
2022-10-20 14:08:00 DEBUG SSLConnectionSocketFactory:435 - Starting handshake
2022-10-20 14:08:01 DEBUG SSLConnectionSocketFactory:465 - Secure session established
2022-10-20 14:08:01 DEBUG SSLConnectionSocketFactory:466 -  negotiated protocol: TLSv1.2
2022-10-20 14:08:01 DEBUG SSLConnectionSocketFactory:467 -  negotiated cipher suite: TLS_ECDHE_RSA_WITH_AES_128_GCM_SHA256
2022-10-20 14:08:01 DEBUG SSLConnectionSocketFactory:475 -  peer principal: CN=*.m.pipedream.net
2022-10-20 14:08:01 DEBUG SSLConnectionSocketFactory:484 -  peer alternative names: [*.m.pipedream.net]
2022-10-20 14:08:01 DEBUG SSLConnectionSocketFactory:488 -  issuer principal: CN=Amazon, OU=Server CA 1B, O=Amazon, C=US
2022-10-20 14:08:01 DEBUG DefaultHttpClientConnectionOperator:146 - Connection established 192.168.0.101:50286<->54.88.184.247:443
2022-10-20 14:08:01 DEBUG MainClientExec:255 - Executing request POST / HTTP/1.1
2022-10-20 14:08:01 DEBUG MainClientExec:260 - Target auth state: UNCHALLENGED
2022-10-20 14:08:01 DEBUG MainClientExec:266 - Proxy auth state: UNCHALLENGED
2022-10-20 14:08:01 DEBUG headers:133 - http-outgoing-0 >> POST / HTTP/1.1
2022-10-20 14:08:01 DEBUG headers:136 - http-outgoing-0 >> User-Agent: Mozilla/5.0
2022-10-20 14:08:01 DEBUG headers:136 - http-outgoing-0 >> Content-Length: 34
2022-10-20 14:08:01 DEBUG headers:136 - http-outgoing-0 >> Content-Type: application/x-www-form-urlencoded
2022-10-20 14:08:01 DEBUG headers:136 - http-outgoing-0 >> Host: eoki08gh5ujo5yk.m.pipedream.net
2022-10-20 14:08:01 DEBUG headers:136 - http-outgoing-0 >> Connection: Keep-Alive
2022-10-20 14:08:01 DEBUG headers:136 - http-outgoing-0 >> Accept-Encoding: gzip,deflate
2022-10-20 14:08:01 DEBUG wire:73 - http-outgoing-0 >> "POST / HTTP/1.1[\r][\n]"
2022-10-20 14:08:01 DEBUG wire:73 - http-outgoing-0 >> "User-Agent: Mozilla/5.0[\r][\n]"
2022-10-20 14:08:01 DEBUG wire:73 - http-outgoing-0 >> "Content-Length: 34[\r][\n]"
2022-10-20 14:08:01 DEBUG wire:73 - http-outgoing-0 >> "Content-Type: application/x-www-form-urlencoded[\r][\n]"
2022-10-20 14:08:01 DEBUG wire:73 - http-outgoing-0 >> "Host: eoki08gh5ujo5yk.m.pipedream.net[\r][\n]"
2022-10-20 14:08:01 DEBUG wire:73 - http-outgoing-0 >> "Connection: Keep-Alive[\r][\n]"
2022-10-20 14:08:01 DEBUG wire:73 - http-outgoing-0 >> "Accept-Encoding: gzip,deflate[\r][\n]"
2022-10-20 14:08:01 DEBUG wire:73 - http-outgoing-0 >> "[\r][\n]"
2022-10-20 14:08:01 DEBUG wire:87 - http-outgoing-0 >> "name=zapp&mood=good&locale=&id=777"
2022-10-20 14:08:02 DEBUG wire:73 - http-outgoing-0 << "HTTP/1.1 200 OK[\r][\n]"
2022-10-20 14:08:02 DEBUG wire:73 - http-outgoing-0 << "Date: Thu, 20 Oct 2022 11:07:59 GMT[\r][\n]"
2022-10-20 14:08:02 DEBUG wire:73 - http-outgoing-0 << "Content-Type: application/json; charset=utf-8[\r][\n]"
2022-10-20 14:08:02 DEBUG wire:73 - http-outgoing-0 << "Content-Length: 408[\r][\n]"
2022-10-20 14:08:02 DEBUG wire:73 - http-outgoing-0 << "Connection: keep-alive[\r][\n]"
2022-10-20 14:08:02 DEBUG wire:73 - http-outgoing-0 << "X-Powered-By: Express[\r][\n]"
2022-10-20 14:08:02 DEBUG wire:73 - http-outgoing-0 << "Access-Control-Allow-Origin: *[\r][\n]"
2022-10-20 14:08:02 DEBUG wire:73 - http-outgoing-0 << "[\r][\n]"
2022-10-20 14:08:02 DEBUG wire:87 - http-outgoing-0 << "{"about":"Pipedream is the fastest way to connects APIs. Build and run workflows with code-level control when you need it [0xe2][0x80][0x94] and no code when you don't.","event_id":"2GOeVDHd3SCiftHmKsIY0b8LRBw","workflow_id":"p_wOCMprm","owner_id":"u_LGhg1Gb","deployment_id":"d_ybs3R5Q4","timestamp":"2022-10-20T11:07:58.841Z","inspect":"https://pipedream.com/@/p_wOCMprm","quickstart":"https://pipedream.com/quickstart/"}"
2022-10-20 14:08:02 DEBUG headers:122 - http-outgoing-0 << HTTP/1.1 200 OK
2022-10-20 14:08:02 DEBUG headers:125 - http-outgoing-0 << Date: Thu, 20 Oct 2022 11:07:59 GMT
2022-10-20 14:08:02 DEBUG headers:125 - http-outgoing-0 << Content-Type: application/json; charset=utf-8
2022-10-20 14:08:02 DEBUG headers:125 - http-outgoing-0 << Content-Length: 408
2022-10-20 14:08:02 DEBUG headers:125 - http-outgoing-0 << Connection: keep-alive
2022-10-20 14:08:02 DEBUG headers:125 - http-outgoing-0 << X-Powered-By: Express
2022-10-20 14:08:02 DEBUG headers:125 - http-outgoing-0 << Access-Control-Allow-Origin: *
2022-10-20 14:08:02 DEBUG MainClientExec:285 - Connection can be kept alive indefinitely
2022-10-20 14:08:02 DEBUG PoolingHttpClientConnectionManager:342 - Connection [id: 0][route: {s}->https://eoki08gh5ujo5yk.m.pipedream.net:443] can be kept alive indefinitely
2022-10-20 14:08:02 DEBUG DefaultManagedHttpClientConnection:88 - http-outgoing-0: set socket timeout to 0
2022-10-20 14:08:02 DEBUG PoolingHttpClientConnectionManager:349 - Connection released: [id: 0][route: {s}->https://eoki08gh5ujo5yk.m.pipedream.net:443][total kept alive: 1; route allocated: 1 of 2; total allocated: 1 of 20]
